\BOOKMARK [0][-]{chapter.1}{\376\377\0001\000\040\000E\000x\000a\000m\000p\000l\000e\000:\000\040\0000\0000\000-\000h\000e\000l\000l\000o\000-\000w\000o\000r\000l\000d}{}% 1
\BOOKMARK [0][-]{chapter.2}{\376\377\0002\000\040\000C\000o\000n\000t\000r\000i\000b\000u\000t\000o\000r\000\040\000C\000o\000d\000e\000\040\000o\000f\000\040\000C\000o\000n\000d\000u\000c\000t}{}% 2
\BOOKMARK [0][-]{chapter.3}{\376\377\0003\000\040\000S\000I\000R\000\040\000M\000u\000l\000t\000i\000p\000l\000e\000\040\000R\000u\000n\000s\000\040\000\050\000b\000\051}{}% 3
\BOOKMARK [0][-]{chapter.4}{\376\377\0004\000\040\000e\000p\000i\000w\000o\000r\000l\000d\000\040\000c\000+\000+\000\040\000t\000e\000m\000p\000l\000a\000t\000e\000\040\000l\000i\000b\000r\000a\000r\000y}{}% 4
\BOOKMARK [1][-]{section.4.1}{\376\377\0004\000.\0001\000\040\000M\000a\000i\000n\000\040\000f\000e\000a\000t\000u\000r\000e\000s}{chapter.4}% 5
\BOOKMARK [1][-]{section.4.2}{\376\377\0004\000.\0002\000\040\000A\000l\000g\000o\000r\000i\000t\000h\000m}{chapter.4}% 6
\BOOKMARK [1][-]{section.4.3}{\376\377\0004\000.\0003\000\040\000H\000e\000l\000l\000o\000\040\000w\000o\000r\000l\000d\000\040\000\050\000C\000+\000+\000\051}{chapter.4}% 7
\BOOKMARK [1][-]{section.4.4}{\376\377\0004\000.\0004\000\040\000S\000u\000r\000v\000e\000i\000l\000l\000a\000n\000c\000e\000\040\000s\000i\000m\000u\000l\000a\000t\000i\000o\000n}{chapter.4}% 8
\BOOKMARK [2][-]{subsection.4.4.1}{\376\377\0004\000.\0004\000.\0001\000\040\000P\000r\000e\000l\000i\000m\000i\000n\000a\000r\000y\000\040\000r\000e\000s\000u\000l\000t\000s}{section.4.4}% 9
\BOOKMARK [2][-]{subsection.4.4.2}{\376\377\0004\000.\0004\000.\0002\000\040\000C\000a\000s\000e\000s\000\040\000d\000e\000t\000e\000c\000t\000e\000d}{section.4.4}% 10
\BOOKMARK [0][-]{chapter.5}{\376\377\0005\000\040\000M\000I\000T\000\040\000L\000i\000c\000e\000n\000s\000e}{}% 11
\BOOKMARK [0][-]{chapter.6}{\376\377\0006\000\040\000m\000o\000d\000e\000l\0001}{}% 12
\BOOKMARK [0][-]{chapter.7}{\376\377\0007\000\040\000E\000P\000I\000\040\000S\000i\000m\000u\000l\000a\000t\000o\000r}{}% 13
\BOOKMARK [1][-]{section.7.1}{\376\377\0007\000.\0001\000\040\000D\000i\000s\000e\000a\000s\000e\000\040\000d\000y\000n\000a\000m\000i\000c\000s}{chapter.7}% 14
\BOOKMARK [1][-]{section.7.2}{\376\377\0007\000.\0002\000\040\000N\000e\000t\000w\000o\000r\000k\000\040\000d\000y\000n\000a\000m\000i\000c\000s}{chapter.7}% 15
\BOOKMARK [1][-]{section.7.3}{\376\377\0007\000.\0003\000\040\000C\000o\000n\000t\000a\000g\000i\000o\000n\000\040\000d\000y\000n\000a\000m\000i\000c\000s}{chapter.7}% 16
\BOOKMARK [1][-]{section.7.4}{\376\377\0007\000.\0004\000\040\000T\000i\000m\000e\000\040\000d\000y\000n\000a\000m\000i\000c\000s}{chapter.7}% 17
\BOOKMARK [1][-]{section.7.5}{\376\377\0007\000.\0005\000\040\000U\000p\000d\000a\000t\000i\000n\000g\000\040\000a\000g\000e\000n\000t\000\047\000s\000\040\000s\000t\000a\000t\000u\000s}{chapter.7}% 18
\BOOKMARK [2][-]{subsection.7.5.1}{\376\377\0007\000.\0005\000.\0001\000\040\000O\000t\000h\000e\000r\000\040\000p\000a\000r\000a\000m\000e\000t\000e\000r\000s}{section.7.5}% 19
\BOOKMARK [0][-]{chapter.8}{\376\377\0008\000\040\000C\000o\000n\000t\000r\000i\000b\000u\000t\000o\000r\000\040\000C\000o\000v\000e\000n\000a\000n\000t\000\040\000C\000o\000d\000e\000\040\000o\000f\000\040\000C\000o\000n\000d\000u\000c\000t}{}% 20
\BOOKMARK [1][-]{section.8.1}{\376\377\0008\000.\0001\000\040\000O\000u\000r\000\040\000P\000l\000e\000d\000g\000e}{chapter.8}% 21
\BOOKMARK [1][-]{section.8.2}{\376\377\0008\000.\0002\000\040\000O\000u\000r\000\040\000S\000t\000a\000n\000d\000a\000r\000d\000s}{chapter.8}% 22
\BOOKMARK [1][-]{section.8.3}{\376\377\0008\000.\0003\000\040\000E\000n\000f\000o\000r\000c\000e\000m\000e\000n\000t\000\040\000R\000e\000s\000p\000o\000n\000s\000i\000b\000i\000l\000i\000t\000i\000e\000s}{chapter.8}% 23
\BOOKMARK [1][-]{section.8.4}{\376\377\0008\000.\0004\000\040\000S\000c\000o\000p\000e}{chapter.8}% 24
\BOOKMARK [1][-]{section.8.5}{\376\377\0008\000.\0005\000\040\000E\000n\000f\000o\000r\000c\000e\000m\000e\000n\000t}{chapter.8}% 25
\BOOKMARK [1][-]{section.8.6}{\376\377\0008\000.\0006\000\040\000E\000n\000f\000o\000r\000c\000e\000m\000e\000n\000t\000\040\000G\000u\000i\000d\000e\000l\000i\000n\000e\000s}{chapter.8}% 26
\BOOKMARK [2][-]{subsection.8.6.1}{\376\377\0008\000.\0006\000.\0001\000\040\0001\000.\000\040\000C\000o\000r\000r\000e\000c\000t\000i\000o\000n}{section.8.6}% 27
\BOOKMARK [2][-]{subsection.8.6.2}{\376\377\0008\000.\0006\000.\0002\000\040\0002\000.\000\040\000W\000a\000r\000n\000i\000n\000g}{section.8.6}% 28
\BOOKMARK [2][-]{subsection.8.6.3}{\376\377\0008\000.\0006\000.\0003\000\040\0003\000.\000\040\000T\000e\000m\000p\000o\000r\000a\000r\000y\000\040\000B\000a\000n}{section.8.6}% 29
\BOOKMARK [2][-]{subsection.8.6.4}{\376\377\0008\000.\0006\000.\0004\000\040\0004\000.\000\040\000P\000e\000r\000m\000a\000n\000e\000n\000t\000\040\000B\000a\000n}{section.8.6}% 30
\BOOKMARK [1][-]{section.8.7}{\376\377\0008\000.\0007\000\040\000A\000t\000t\000r\000i\000b\000u\000t\000i\000o\000n}{chapter.8}% 31
\BOOKMARK [0][-]{chapter.9}{\376\377\0009\000\040\000M\000I\000T\000\040\000L\000i\000c\000e\000n\000s\000e}{}% 32
\BOOKMARK [0][-]{chapter.10}{\376\377\0001\0000\000\040\000e\000p\000i\000w\000o\000r\000l\000d\000\040\0001\000.\0000}{}% 33
\BOOKMARK [0][-]{chapter.11}{\376\377\0001\0001\000\040\000C\000l\000a\000s\000s\000\040\000I\000n\000d\000e\000x}{}% 34
\BOOKMARK [1][-]{section.11.1}{\376\377\0001\0001\000.\0001\000\040\000C\000l\000a\000s\000s\000\040\000L\000i\000s\000t}{chapter.11}% 35
\BOOKMARK [0][-]{chapter.12}{\376\377\0001\0002\000\040\000C\000l\000a\000s\000s\000\040\000D\000o\000c\000u\000m\000e\000n\000t\000a\000t\000i\000o\000n}{}% 36
\BOOKMARK [1][-]{section.12.1}{\376\377\0001\0002\000.\0001\000\040\000A\000c\000t\000i\000o\000n\000<\000\040\000T\000S\000e\000q\000\040\000>\000\040\000S\000t\000r\000u\000c\000t\000\040\000T\000e\000m\000p\000l\000a\000t\000e\000\040\000R\000e\000f\000e\000r\000e\000n\000c\000e}{chapter.12}% 37
\BOOKMARK [2][-]{subsection.12.1.1}{\376\377\0001\0002\000.\0001\000.\0001\000\040\000D\000e\000t\000a\000i\000l\000e\000d\000\040\000D\000e\000s\000c\000r\000i\000p\000t\000i\000o\000n}{section.12.1}% 38
\BOOKMARK [2][-]{subsection.12.1.2}{\376\377\0001\0002\000.\0001\000.\0002\000\040\000C\000o\000n\000s\000t\000r\000u\000c\000t\000o\000r\000\040\000\046\000\040\000D\000e\000s\000t\000r\000u\000c\000t\000o\000r\000\040\000D\000o\000c\000u\000m\000e\000n\000t\000a\000t\000i\000o\000n}{section.12.1}% 39
\BOOKMARK [3][-]{subsubsection.12.1.2.1}{\376\377\0001\0002\000.\0001\000.\0002\000.\0001\000\040\000A\000c\000t\000i\000o\000n\000\050\000\051}{subsection.12.1.2}% 40
\BOOKMARK [1][-]{section.12.2}{\376\377\0001\0002\000.\0002\000\040\000e\000p\000i\000w\000o\000r\000l\000d\000:\000:\000A\000c\000t\000i\000o\000n\000<\000\040\000T\000S\000e\000q\000\040\000>\000\040\000S\000t\000r\000u\000c\000t\000\040\000T\000e\000m\000p\000l\000a\000t\000e\000\040\000R\000e\000f\000e\000r\000e\000n\000c\000e}{chapter.12}% 41
\BOOKMARK [2][-]{subsection.12.2.1}{\376\377\0001\0002\000.\0002\000.\0001\000\040\000D\000e\000t\000a\000i\000l\000e\000d\000\040\000D\000e\000s\000c\000r\000i\000p\000t\000i\000o\000n}{section.12.2}% 42
\BOOKMARK [2][-]{subsection.12.2.2}{\376\377\0001\0002\000.\0002\000.\0002\000\040\000C\000o\000n\000s\000t\000r\000u\000c\000t\000o\000r\000\040\000\046\000\040\000D\000e\000s\000t\000r\000u\000c\000t\000o\000r\000\040\000D\000o\000c\000u\000m\000e\000n\000t\000a\000t\000i\000o\000n}{section.12.2}% 43
\BOOKMARK [3][-]{subsubsection.12.2.2.1}{\376\377\0001\0002\000.\0002\000.\0002\000.\0001\000\040\000A\000c\000t\000i\000o\000n\000\050\000\051}{subsection.12.2.2}% 44
\BOOKMARK [1][-]{section.12.3}{\376\377\0001\0002\000.\0003\000\040\000A\000d\000j\000L\000i\000s\000t\000\040\000C\000l\000a\000s\000s\000\040\000R\000e\000f\000e\000r\000e\000n\000c\000e}{chapter.12}% 45
\BOOKMARK [2][-]{subsection.12.3.1}{\376\377\0001\0002\000.\0003\000.\0001\000\040\000C\000o\000n\000s\000t\000r\000u\000c\000t\000o\000r\000\040\000\046\000\040\000D\000e\000s\000t\000r\000u\000c\000t\000o\000r\000\040\000D\000o\000c\000u\000m\000e\000n\000t\000a\000t\000i\000o\000n}{section.12.3}% 46
\BOOKMARK [3][-]{subsubsection.12.3.1.1}{\376\377\0001\0002\000.\0003\000.\0001\000.\0001\000\040\000A\000d\000j\000L\000i\000s\000t\000\050\000\051}{subsection.12.3.1}% 47
\BOOKMARK [2][-]{subsection.12.3.2}{\376\377\0001\0002\000.\0003\000.\0002\000\040\000M\000e\000m\000b\000e\000r\000\040\000F\000u\000n\000c\000t\000i\000o\000n\000\040\000D\000o\000c\000u\000m\000e\000n\000t\000a\000t\000i\000o\000n}{section.12.3}% 48
\BOOKMARK [3][-]{subsubsection.12.3.2.1}{\376\377\0001\0002\000.\0003\000.\0002\000.\0001\000\040\000r\000e\000a\000d\000\137\000e\000d\000g\000e\000l\000i\000s\000t\000\050\000\051}{subsection.12.3.2}% 49
\BOOKMARK [1][-]{section.12.4}{\376\377\0001\0002\000.\0004\000\040\000e\000p\000i\000w\000o\000r\000l\000d\000:\000:\000A\000d\000j\000L\000i\000s\000t\000\040\000C\000l\000a\000s\000s\000\040\000R\000e\000f\000e\000r\000e\000n\000c\000e}{chapter.12}% 50
\BOOKMARK [2][-]{subsection.12.4.1}{\376\377\0001\0002\000.\0004\000.\0001\000\040\000C\000o\000n\000s\000t\000r\000u\000c\000t\000o\000r\000\040\000\046\000\040\000D\000e\000s\000t\000r\000u\000c\000t\000o\000r\000\040\000D\000o\000c\000u\000m\000e\000n\000t\000a\000t\000i\000o\000n}{section.12.4}% 51
\BOOKMARK [3][-]{subsubsection.12.4.1.1}{\376\377\0001\0002\000.\0004\000.\0001\000.\0001\000\040\000A\000d\000j\000L\000i\000s\000t\000\050\000\051\000\040\000[\0001\000/\0002\000]}{subsection.12.4.1}% 52
\BOOKMARK [3][-]{subsubsection.12.4.1.2}{\376\377\0001\0002\000.\0004\000.\0001\000.\0002\000\040\000A\000d\000j\000L\000i\000s\000t\000\050\000\051\000\040\000[\0002\000/\0002\000]}{subsection.12.4.1}% 53
\BOOKMARK [2][-]{subsection.12.4.2}{\376\377\0001\0002\000.\0004\000.\0002\000\040\000M\000e\000m\000b\000e\000r\000\040\000F\000u\000n\000c\000t\000i\000o\000n\000\040\000D\000o\000c\000u\000m\000e\000n\000t\000a\000t\000i\000o\000n}{section.12.4}% 54
\BOOKMARK [3][-]{subsubsection.12.4.2.1}{\376\377\0001\0002\000.\0004\000.\0002\000.\0001\000\040\000r\000e\000a\000d\000\137\000e\000d\000g\000e\000l\000i\000s\000t\000\050\000\051}{subsection.12.4.2}% 55
\BOOKMARK [1][-]{section.12.5}{\376\377\0001\0002\000.\0005\000\040\000A\000g\000e\000n\000t\000<\000\040\000T\000S\000e\000q\000\040\000>\000\040\000C\000l\000a\000s\000s\000\040\000T\000e\000m\000p\000l\000a\000t\000e\000\040\000R\000e\000f\000e\000r\000e\000n\000c\000e}{chapter.12}% 56
\BOOKMARK [2][-]{subsection.12.5.1}{\376\377\0001\0002\000.\0005\000.\0001\000\040\000D\000e\000t\000a\000i\000l\000e\000d\000\040\000D\000e\000s\000c\000r\000i\000p\000t\000i\000o\000n}{section.12.5}% 57
\BOOKMARK [2][-]{subsection.12.5.2}{\376\377\0001\0002\000.\0005\000.\0002\000\040\000M\000e\000m\000b\000e\000r\000\040\000F\000u\000n\000c\000t\000i\000o\000n\000\040\000D\000o\000c\000u\000m\000e\000n\000t\000a\000t\000i\000o\000n}{section.12.5}% 58
\BOOKMARK [3][-]{subsubsection.12.5.2.1}{\376\377\0001\0002\000.\0005\000.\0002\000.\0001\000\040\000o\000p\000e\000r\000a\000t\000o\000r\000\050\000\051\000\050\000\051}{subsection.12.5.2}% 59
\BOOKMARK [1][-]{section.12.6}{\376\377\0001\0002\000.\0006\000\040\000e\000p\000i\000w\000o\000r\000l\000d\000:\000:\000A\000g\000e\000n\000t\000<\000\040\000T\000S\000e\000q\000\040\000>\000\040\000C\000l\000a\000s\000s\000\040\000T\000e\000m\000p\000l\000a\000t\000e\000\040\000R\000e\000f\000e\000r\000e\000n\000c\000e}{chapter.12}% 60
\BOOKMARK [2][-]{subsection.12.6.1}{\376\377\0001\0002\000.\0006\000.\0001\000\040\000D\000e\000t\000a\000i\000l\000e\000d\000\040\000D\000e\000s\000c\000r\000i\000p\000t\000i\000o\000n}{section.12.6}% 61
\BOOKMARK [2][-]{subsection.12.6.2}{\376\377\0001\0002\000.\0006\000.\0002\000\040\000M\000e\000m\000b\000e\000r\000\040\000F\000u\000n\000c\000t\000i\000o\000n\000\040\000D\000o\000c\000u\000m\000e\000n\000t\000a\000t\000i\000o\000n}{section.12.6}% 62
\BOOKMARK [3][-]{subsubsection.12.6.2.1}{\376\377\0001\0002\000.\0006\000.\0002\000.\0001\000\040\000o\000p\000e\000r\000a\000t\000o\000r\000\050\000\051\000\050\000\051}{subsection.12.6.2}% 63
\BOOKMARK [1][-]{section.12.7}{\376\377\0001\0002\000.\0007\000\040\000A\000g\000e\000n\000t\000s\000S\000a\000m\000p\000l\000e\000<\000\040\000T\000S\000e\000q\000\040\000>\000\040\000C\000l\000a\000s\000s\000\040\000T\000e\000m\000p\000l\000a\000t\000e\000\040\000R\000e\000f\000e\000r\000e\000n\000c\000e}{chapter.12}% 64
\BOOKMARK [2][-]{subsection.12.7.1}{\376\377\0001\0002\000.\0007\000.\0001\000\040\000D\000e\000t\000a\000i\000l\000e\000d\000\040\000D\000e\000s\000c\000r\000i\000p\000t\000i\000o\000n}{section.12.7}% 65
\BOOKMARK [1][-]{section.12.8}{\376\377\0001\0002\000.\0008\000\040\000e\000p\000i\000w\000o\000r\000l\000d\000:\000:\000A\000g\000e\000n\000t\000s\000S\000a\000m\000p\000l\000e\000<\000\040\000T\000S\000e\000q\000\040\000>\000\040\000C\000l\000a\000s\000s\000\040\000T\000e\000m\000p\000l\000a\000t\000e\000\040\000R\000e\000f\000e\000r\000e\000n\000c\000e}{chapter.12}% 66
\BOOKMARK [2][-]{subsection.12.8.1}{\376\377\0001\0002\000.\0008\000.\0001\000\040\000D\000e\000t\000a\000i\000l\000e\000d\000\040\000D\000e\000s\000c\000r\000i\000p\000t\000i\000o\000n}{section.12.8}% 67
\BOOKMARK [1][-]{section.12.9}{\376\377\0001\0002\000.\0009\000\040\000D\000a\000t\000a\000B\000a\000s\000e\000<\000\040\000T\000S\000e\000q\000\040\000>\000\040\000C\000l\000a\000s\000s\000\040\000T\000e\000m\000p\000l\000a\000t\000e\000\040\000R\000e\000f\000e\000r\000e\000n\000c\000e}{chapter.12}% 68
\BOOKMARK [2][-]{subsection.12.9.1}{\376\377\0001\0002\000.\0009\000.\0001\000\040\000D\000e\000t\000a\000i\000l\000e\000d\000\040\000D\000e\000s\000c\000r\000i\000p\000t\000i\000o\000n}{section.12.9}% 69
\BOOKMARK [2][-]{subsection.12.9.2}{\376\377\0001\0002\000.\0009\000.\0002\000\040\000M\000e\000m\000b\000e\000r\000\040\000F\000u\000n\000c\000t\000i\000o\000n\000\040\000D\000o\000c\000u\000m\000e\000n\000t\000a\000t\000i\000o\000n}{section.12.9}% 70
\BOOKMARK [3][-]{subsubsection.12.9.2.1}{\376\377\0001\0002\000.\0009\000.\0002\000.\0001\000\040\000r\000e\000c\000o\000r\000d\000\137\000v\000a\000r\000i\000a\000n\000t\000\050\000\051}{subsection.12.9.2}% 71
\BOOKMARK [3][-]{subsubsection.12.9.2.2}{\376\377\0001\0002\000.\0009\000.\0002\000.\0002\000\040\000r\000e\000p\000r\000o\000d\000u\000c\000t\000i\000v\000e\000\137\000n\000u\000m\000b\000e\000r\000\050\000\051}{subsection.12.9.2}% 72
\BOOKMARK [3][-]{subsubsection.12.9.2.3}{\376\377\0001\0002\000.\0009\000.\0002\000.\0003\000\040\000t\000r\000a\000n\000s\000i\000t\000i\000o\000n\000\137\000p\000r\000o\000b\000a\000b\000i\000l\000i\000t\000y\000\050\000\051}{subsection.12.9.2}% 73
\BOOKMARK [1][-]{section.12.10}{\376\377\0001\0002\000.\0001\0000\000\040\000e\000p\000i\000w\000o\000r\000l\000d\000:\000:\000D\000a\000t\000a\000B\000a\000s\000e\000<\000\040\000T\000S\000e\000q\000\040\000>\000\040\000C\000l\000a\000s\000s\000\040\000T\000e\000m\000p\000l\000a\000t\000e\000\040\000R\000e\000f\000e\000r\000e\000n\000c\000e}{chapter.12}% 74
\BOOKMARK [2][-]{subsection.12.10.1}{\376\377\0001\0002\000.\0001\0000\000.\0001\000\040\000D\000e\000t\000a\000i\000l\000e\000d\000\040\000D\000e\000s\000c\000r\000i\000p\000t\000i\000o\000n}{section.12.10}% 75
\BOOKMARK [2][-]{subsection.12.10.2}{\376\377\0001\0002\000.\0001\0000\000.\0002\000\040\000M\000e\000m\000b\000e\000r\000\040\000F\000u\000n\000c\000t\000i\000o\000n\000\040\000D\000o\000c\000u\000m\000e\000n\000t\000a\000t\000i\000o\000n}{section.12.10}% 76
\BOOKMARK [3][-]{subsubsection.12.10.2.1}{\376\377\0001\0002\000.\0001\0000\000.\0002\000.\0001\000\040\000g\000e\000t\000\137\000t\000o\000d\000a\000y\000\137\000t\000o\000t\000a\000l\000\050\000\051}{subsection.12.10.2}% 77
\BOOKMARK [3][-]{subsubsection.12.10.2.2}{\376\377\0001\0002\000.\0001\0000\000.\0002\000.\0002\000\040\000r\000e\000c\000o\000r\000d\000\137\000v\000a\000r\000i\000a\000n\000t\000\050\000\051\000\040\000[\0001\000/\0002\000]}{subsection.12.10.2}% 78
\BOOKMARK [3][-]{subsubsection.12.10.2.3}{\376\377\0001\0002\000.\0001\0000\000.\0002\000.\0003\000\040\000r\000e\000c\000o\000r\000d\000\137\000v\000a\000r\000i\000a\000n\000t\000\050\000\051\000\040\000[\0002\000/\0002\000]}{subsection.12.10.2}% 79
\BOOKMARK [3][-]{subsubsection.12.10.2.4}{\376\377\0001\0002\000.\0001\0000\000.\0002\000.\0004\000\040\000r\000e\000p\000r\000o\000d\000u\000c\000t\000i\000v\000e\000\137\000n\000u\000m\000b\000e\000r\000\050\000\051}{subsection.12.10.2}% 80
\BOOKMARK [3][-]{subsubsection.12.10.2.5}{\376\377\0001\0002\000.\0001\0000\000.\0002\000.\0005\000\040\000t\000r\000a\000n\000s\000i\000t\000i\000o\000n\000\137\000p\000r\000o\000b\000a\000b\000i\000l\000i\000t\000y\000\050\000\051}{subsection.12.10.2}% 81
\BOOKMARK [1][-]{section.12.11}{\376\377\0001\0002\000.\0001\0001\000\040\000E\000n\000t\000i\000t\000i\000e\000s\000<\000\040\000T\000S\000e\000q\000\040\000>\000\040\000C\000l\000a\000s\000s\000\040\000T\000e\000m\000p\000l\000a\000t\000e\000\040\000R\000e\000f\000e\000r\000e\000n\000c\000e}{chapter.12}% 82
\BOOKMARK [2][-]{subsection.12.11.1}{\376\377\0001\0002\000.\0001\0001\000.\0001\000\040\000D\000e\000t\000a\000i\000l\000e\000d\000\040\000D\000e\000s\000c\000r\000i\000p\000t\000i\000o\000n}{section.12.11}% 83
\BOOKMARK [1][-]{section.12.12}{\376\377\0001\0002\000.\0001\0002\000\040\000e\000p\000i\000w\000o\000r\000l\000d\000:\000:\000E\000n\000t\000i\000t\000i\000e\000s\000<\000\040\000T\000S\000e\000q\000\040\000>\000\040\000C\000l\000a\000s\000s\000\040\000T\000e\000m\000p\000l\000a\000t\000e\000\040\000R\000e\000f\000e\000r\000e\000n\000c\000e}{chapter.12}% 84
\BOOKMARK [2][-]{subsection.12.12.1}{\376\377\0001\0002\000.\0001\0002\000.\0001\000\040\000D\000e\000t\000a\000i\000l\000e\000d\000\040\000D\000e\000s\000c\000r\000i\000p\000t\000i\000o\000n}{section.12.12}% 85
\BOOKMARK [1][-]{section.12.13}{\376\377\0001\0002\000.\0001\0003\000\040\000E\000n\000t\000i\000t\000i\000e\000s\000\137\000c\000o\000n\000s\000t\000<\000\040\000T\000S\000e\000q\000\040\000>\000\040\000C\000l\000a\000s\000s\000\040\000T\000e\000m\000p\000l\000a\000t\000e\000\040\000R\000e\000f\000e\000r\000e\000n\000c\000e}{chapter.12}% 86
\BOOKMARK [2][-]{subsection.12.13.1}{\376\377\0001\0002\000.\0001\0003\000.\0001\000\040\000D\000e\000t\000a\000i\000l\000e\000d\000\040\000D\000e\000s\000c\000r\000i\000p\000t\000i\000o\000n}{section.12.13}% 87
\BOOKMARK [1][-]{section.12.14}{\376\377\0001\0002\000.\0001\0004\000\040\000e\000p\000i\000w\000o\000r\000l\000d\000:\000:\000E\000n\000t\000i\000t\000i\000e\000s\000\137\000c\000o\000n\000s\000t\000<\000\040\000T\000S\000e\000q\000\040\000>\000\040\000C\000l\000a\000s\000s\000\040\000T\000e\000m\000p\000l\000a\000t\000e\000\040\000R\000e\000f\000e\000r\000e\000n\000c\000e}{chapter.12}% 88
\BOOKMARK [2][-]{subsection.12.14.1}{\376\377\0001\0002\000.\0001\0004\000.\0001\000\040\000D\000e\000t\000a\000i\000l\000e\000d\000\040\000D\000e\000s\000c\000r\000i\000p\000t\000i\000o\000n}{section.12.14}% 89
\BOOKMARK [1][-]{section.12.15}{\376\377\0001\0002\000.\0001\0005\000\040\000E\000n\000t\000i\000t\000y\000<\000\040\000T\000S\000e\000q\000\040\000>\000\040\000C\000l\000a\000s\000s\000\040\000T\000e\000m\000p\000l\000a\000t\000e\000\040\000R\000e\000f\000e\000r\000e\000n\000c\000e}{chapter.12}% 90
\BOOKMARK [1][-]{section.12.16}{\376\377\0001\0002\000.\0001\0006\000\040\000e\000p\000i\000w\000o\000r\000l\000d\000:\000:\000E\000n\000t\000i\000t\000y\000<\000\040\000T\000S\000e\000q\000\040\000>\000\040\000C\000l\000a\000s\000s\000\040\000T\000e\000m\000p\000l\000a\000t\000e\000\040\000R\000e\000f\000e\000r\000e\000n\000c\000e}{chapter.12}% 91
\BOOKMARK [1][-]{section.12.17}{\376\377\0001\0002\000.\0001\0007\000\040\000e\000p\000i\000w\000o\000r\000l\000d\000:\000:\000L\000F\000M\000C\000M\000C\000<\000\040\000T\000D\000a\000t\000a\000\040\000>\000\040\000C\000l\000a\000s\000s\000\040\000T\000e\000m\000p\000l\000a\000t\000e\000\040\000R\000e\000f\000e\000r\000e\000n\000c\000e}{chapter.12}% 92
\BOOKMARK [2][-]{subsection.12.17.1}{\376\377\0001\0002\000.\0001\0007\000.\0001\000\040\000D\000e\000t\000a\000i\000l\000e\000d\000\040\000D\000e\000s\000c\000r\000i\000p\000t\000i\000o\000n}{section.12.17}% 93
\BOOKMARK [1][-]{section.12.18}{\376\377\0001\0002\000.\0001\0008\000\040\000L\000F\000M\000C\000M\000C\000<\000\040\000T\000D\000a\000t\000a\000\040\000>\000\040\000C\000l\000a\000s\000s\000\040\000T\000e\000m\000p\000l\000a\000t\000e\000\040\000R\000e\000f\000e\000r\000e\000n\000c\000e}{chapter.12}% 94
\BOOKMARK [2][-]{subsection.12.18.1}{\376\377\0001\0002\000.\0001\0008\000.\0001\000\040\000D\000e\000t\000a\000i\000l\000e\000d\000\040\000D\000e\000s\000c\000r\000i\000p\000t\000i\000o\000n}{section.12.18}% 95
\BOOKMARK [1][-]{section.12.19}{\376\377\0001\0002\000.\0001\0009\000\040\000e\000p\000i\000w\000o\000r\000l\000d\000:\000:\000M\000o\000d\000e\000l\000<\000\040\000T\000S\000e\000q\000\040\000>\000\040\000C\000l\000a\000s\000s\000\040\000T\000e\000m\000p\000l\000a\000t\000e\000\040\000R\000e\000f\000e\000r\000e\000n\000c\000e}{chapter.12}% 96
\BOOKMARK [2][-]{subsection.12.19.1}{\376\377\0001\0002\000.\0001\0009\000.\0001\000\040\000D\000e\000t\000a\000i\000l\000e\000d\000\040\000D\000e\000s\000c\000r\000i\000p\000t\000i\000o\000n}{section.12.19}% 97
\BOOKMARK [2][-]{subsection.12.19.2}{\376\377\0001\0002\000.\0001\0009\000.\0002\000\040\000M\000e\000m\000b\000e\000r\000\040\000F\000u\000n\000c\000t\000i\000o\000n\000\040\000D\000o\000c\000u\000m\000e\000n\000t\000a\000t\000i\000o\000n}{section.12.19}% 98
\BOOKMARK [3][-]{subsubsection.12.19.2.1}{\376\377\0001\0002\000.\0001\0009\000.\0002\000.\0001\000\040\000a\000d\000d\000\137\000g\000l\000o\000b\000a\000l\000\137\000a\000c\000t\000i\000o\000n\000\050\000\051}{subsection.12.19.2}% 99
\BOOKMARK [3][-]{subsubsection.12.19.2.2}{\376\377\0001\0002\000.\0001\0009\000.\0002\000.\0002\000\040\000a\000d\000d\000\137\000p\000a\000r\000a\000m\000\050\000\051}{subsection.12.19.2}% 100
\BOOKMARK [3][-]{subsubsection.12.19.2.3}{\376\377\0001\0002\000.\0001\0009\000.\0002\000.\0003\000\040\000a\000d\000d\000\137\000s\000t\000a\000t\000u\000s\000\137\000s\000u\000s\000c\000e\000p\000t\000i\000b\000l\000e\000\050\000\051}{subsection.12.19.2}% 101
\BOOKMARK [3][-]{subsubsection.12.19.2.4}{\376\377\0001\0002\000.\0001\0009\000.\0002\000.\0004\000\040\000i\000n\000i\000t\000\050\000\051}{subsection.12.19.2}% 102
\BOOKMARK [3][-]{subsubsection.12.19.2.5}{\376\377\0001\0002\000.\0001\0009\000.\0002\000.\0005\000\040\000p\000o\000p\000\137\000f\000r\000o\000m\000\137\000a\000d\000j\000l\000i\000s\000t\000\050\000\051}{subsection.12.19.2}% 103
\BOOKMARK [3][-]{subsubsection.12.19.2.6}{\376\377\0001\0002\000.\0001\0009\000.\0002\000.\0006\000\040\000r\000e\000s\000e\000t\000\050\000\051\000\040\000[\0001\000/\0002\000]}{subsection.12.19.2}% 104
\BOOKMARK [3][-]{subsubsection.12.19.2.7}{\376\377\0001\0002\000.\0001\0009\000.\0002\000.\0007\000\040\000r\000e\000s\000e\000t\000\050\000\051\000\040\000[\0002\000/\0002\000]}{subsection.12.19.2}% 105
\BOOKMARK [3][-]{subsubsection.12.19.2.8}{\376\377\0001\0002\000.\0001\0009\000.\0002\000.\0008\000\040\000r\000e\000s\000e\000t\000\137\000s\000t\000a\000t\000u\000s\000\137\000c\000o\000d\000e\000s\000\050\000\051}{subsection.12.19.2}% 106
\BOOKMARK [3][-]{subsubsection.12.19.2.9}{\376\377\0001\0002\000.\0001\0009\000.\0002\000.\0009\000\040\000r\000u\000n\000\137\000m\000u\000l\000t\000i\000p\000l\000e\000\050\000\051}{subsection.12.19.2}% 107
\BOOKMARK [3][-]{subsubsection.12.19.2.10}{\376\377\0001\0002\000.\0001\0009\000.\0002\000.\0001\0000\000\040\000s\000e\000t\000\137\000a\000g\000e\000n\000t\000s\000\137\000d\000a\000t\000a\000\050\000\051}{subsection.12.19.2}% 108
\BOOKMARK [3][-]{subsubsection.12.19.2.11}{\376\377\0001\0002\000.\0001\0009\000.\0002\000.\0001\0001\000\040\000s\000e\000t\000\137\000b\000a\000c\000k\000u\000p\000\050\000\051}{subsection.12.19.2}% 109
\BOOKMARK [3][-]{subsubsection.12.19.2.12}{\376\377\0001\0002\000.\0001\0009\000.\0002\000.\0001\0002\000\040\000s\000e\000t\000\137\000r\000a\000n\000d\000\137\000e\000n\000g\000i\000n\000e\000\050\000\051}{subsection.12.19.2}% 110
\BOOKMARK [3][-]{subsubsection.12.19.2.13}{\376\377\0001\0002\000.\0001\0009\000.\0002\000.\0001\0003\000\040\000s\000e\000t\000\137\000r\000e\000w\000i\000r\000e\000\137\000f\000u\000n\000\050\000\051}{subsection.12.19.2}% 111
\BOOKMARK [3][-]{subsubsection.12.19.2.14}{\376\377\0001\0002\000.\0001\0009\000.\0002\000.\0001\0004\000\040\000s\000e\000t\000\137\000u\000s\000e\000r\000\137\000d\000a\000t\000a\000\050\000\051}{subsection.12.19.2}% 112
\BOOKMARK [3][-]{subsubsection.12.19.2.15}{\376\377\0001\0002\000.\0001\0009\000.\0002\000.\0001\0005\000\040\000w\000r\000i\000t\000e\000\137\000d\000a\000t\000a\000\050\000\051\000\040\000[\0001\000/\0002\000]}{subsection.12.19.2}% 113
\BOOKMARK [3][-]{subsubsection.12.19.2.16}{\376\377\0001\0002\000.\0001\0009\000.\0002\000.\0001\0006\000\040\000w\000r\000i\000t\000e\000\137\000d\000a\000t\000a\000\050\000\051\000\040\000[\0002\000/\0002\000]}{subsection.12.19.2}% 114
\BOOKMARK [3][-]{subsubsection.12.19.2.17}{\376\377\0001\0002\000.\0001\0009\000.\0002\000.\0001\0007\000\040\000w\000r\000i\000t\000e\000\137\000e\000d\000g\000e\000l\000i\000s\000t\000\050\000\051}{subsection.12.19.2}% 115
\BOOKMARK [1][-]{section.12.20}{\376\377\0001\0002\000.\0002\0000\000\040\000M\000o\000d\000e\000l\000<\000\040\000T\000S\000e\000q\000\040\000>\000\040\000C\000l\000a\000s\000s\000\040\000T\000e\000m\000p\000l\000a\000t\000e\000\040\000R\000e\000f\000e\000r\000e\000n\000c\000e}{chapter.12}% 116
\BOOKMARK [2][-]{subsection.12.20.1}{\376\377\0001\0002\000.\0002\0000\000.\0001\000\040\000D\000e\000t\000a\000i\000l\000e\000d\000\040\000D\000e\000s\000c\000r\000i\000p\000t\000i\000o\000n}{section.12.20}% 117
\BOOKMARK [2][-]{subsection.12.20.2}{\376\377\0001\0002\000.\0002\0000\000.\0002\000\040\000M\000e\000m\000b\000e\000r\000\040\000F\000u\000n\000c\000t\000i\000o\000n\000\040\000D\000o\000c\000u\000m\000e\000n\000t\000a\000t\000i\000o\000n}{section.12.20}% 118
\BOOKMARK [3][-]{subsubsection.12.20.2.1}{\376\377\0001\0002\000.\0002\0000\000.\0002\000.\0001\000\040\000a\000d\000d\000\137\000g\000l\000o\000b\000a\000l\000\137\000a\000c\000t\000i\000o\000n\000\050\000\051}{subsection.12.20.2}% 119
\BOOKMARK [3][-]{subsubsection.12.20.2.2}{\376\377\0001\0002\000.\0002\0000\000.\0002\000.\0002\000\040\000r\000e\000s\000e\000t\000\050\000\051}{subsection.12.20.2}% 120
\BOOKMARK [3][-]{subsubsection.12.20.2.3}{\376\377\0001\0002\000.\0002\0000\000.\0002\000.\0003\000\040\000r\000u\000n\000\137\000m\000u\000l\000t\000i\000p\000l\000e\000\050\000\051}{subsection.12.20.2}% 121
\BOOKMARK [3][-]{subsubsection.12.20.2.4}{\376\377\0001\0002\000.\0002\0000\000.\0002\000.\0004\000\040\000s\000e\000t\000\137\000a\000g\000e\000n\000t\000s\000\137\000d\000a\000t\000a\000\050\000\051}{subsection.12.20.2}% 122
\BOOKMARK [3][-]{subsubsection.12.20.2.5}{\376\377\0001\0002\000.\0002\0000\000.\0002\000.\0005\000\040\000w\000r\000i\000t\000e\000\137\000d\000a\000t\000a\000\050\000\051}{subsection.12.20.2}% 123
\BOOKMARK [1][-]{section.12.21}{\376\377\0001\0002\000.\0002\0001\000\040\000N\000e\000t\000w\000o\000r\000k\000<\000\040\000N\000e\000t\000t\000y\000p\000e\000,\000\040\000N\000o\000d\000e\000t\000y\000p\000e\000,\000\040\000E\000d\000g\000e\000t\000y\000p\000e\000\040\000>\000\040\000C\000l\000a\000s\000s\000\040\000T\000e\000m\000p\000l\000a\000t\000e\000\040\000R\000e\000f\000e\000r\000e\000n\000c\000e}{chapter.12}% 124
\BOOKMARK [1][-]{section.12.22}{\376\377\0001\0002\000.\0002\0002\000\040\000e\000p\000i\000w\000o\000r\000l\000d\000:\000:\000P\000e\000r\000s\000o\000n\000<\000\040\000T\000S\000e\000q\000\040\000>\000\040\000C\000l\000a\000s\000s\000\040\000T\000e\000m\000p\000l\000a\000t\000e\000\040\000R\000e\000f\000e\000r\000e\000n\000c\000e}{chapter.12}% 125
\BOOKMARK [1][-]{section.12.23}{\376\377\0001\0002\000.\0002\0003\000\040\000e\000p\000i\000w\000o\000r\000l\000d\000:\000:\000P\000e\000r\000s\000o\000n\000T\000o\000o\000l\000s\000<\000\040\000T\000S\000e\000q\000\040\000>\000\040\000C\000l\000a\000s\000s\000\040\000T\000e\000m\000p\000l\000a\000t\000e\000\040\000R\000e\000f\000e\000r\000e\000n\000c\000e}{chapter.12}% 126
\BOOKMARK [2][-]{subsection.12.23.1}{\376\377\0001\0002\000.\0002\0003\000.\0001\000\040\000D\000e\000t\000a\000i\000l\000e\000d\000\040\000D\000e\000s\000c\000r\000i\000p\000t\000i\000o\000n}{section.12.23}% 127
\BOOKMARK [1][-]{section.12.24}{\376\377\0001\0002\000.\0002\0004\000\040\000P\000e\000r\000s\000o\000n\000T\000o\000o\000l\000s\000<\000\040\000T\000S\000e\000q\000\040\000>\000\040\000C\000l\000a\000s\000s\000\040\000T\000e\000m\000p\000l\000a\000t\000e\000\040\000R\000e\000f\000e\000r\000e\000n\000c\000e}{chapter.12}% 128
\BOOKMARK [1][-]{section.12.25}{\376\377\0001\0002\000.\0002\0005\000\040\000e\000p\000i\000w\000o\000r\000l\000d\000:\000:\000P\000e\000r\000s\000o\000n\000V\000i\000r\000u\000s\000e\000s\000<\000\040\000T\000S\000e\000q\000\040\000>\000\040\000C\000l\000a\000s\000s\000\040\000T\000e\000m\000p\000l\000a\000t\000e\000\040\000R\000e\000f\000e\000r\000e\000n\000c\000e}{chapter.12}% 129
\BOOKMARK [2][-]{subsection.12.25.1}{\376\377\0001\0002\000.\0002\0005\000.\0001\000\040\000D\000e\000t\000a\000i\000l\000e\000d\000\040\000D\000e\000s\000c\000r\000i\000p\000t\000i\000o\000n}{section.12.25}% 130
\BOOKMARK [1][-]{section.12.26}{\376\377\0001\0002\000.\0002\0006\000\040\000e\000p\000i\000w\000o\000r\000l\000d\000:\000:\000P\000r\000o\000g\000r\000e\000s\000s\000\040\000C\000l\000a\000s\000s\000\040\000R\000e\000f\000e\000r\000e\000n\000c\000e}{chapter.12}% 131
\BOOKMARK [2][-]{subsection.12.26.1}{\376\377\0001\0002\000.\0002\0006\000.\0001\000\040\000D\000e\000t\000a\000i\000l\000e\000d\000\040\000D\000e\000s\000c\000r\000i\000p\000t\000i\000o\000n}{section.12.26}% 132
\BOOKMARK [1][-]{section.12.27}{\376\377\0001\0002\000.\0002\0007\000\040\000P\000r\000o\000g\000r\000e\000s\000s\000\040\000C\000l\000a\000s\000s\000\040\000R\000e\000f\000e\000r\000e\000n\000c\000e}{chapter.12}% 133
\BOOKMARK [2][-]{subsection.12.27.1}{\376\377\0001\0002\000.\0002\0007\000.\0001\000\040\000D\000e\000t\000a\000i\000l\000e\000d\000\040\000D\000e\000s\000c\000r\000i\000p\000t\000i\000o\000n}{section.12.27}% 134
\BOOKMARK [1][-]{section.12.28}{\376\377\0001\0002\000.\0002\0008\000\040\000e\000p\000i\000w\000o\000r\000l\000d\000:\000:\000Q\000u\000e\000u\000e\000<\000\040\000T\000S\000e\000q\000\040\000>\000\040\000C\000l\000a\000s\000s\000\040\000T\000e\000m\000p\000l\000a\000t\000e\000\040\000R\000e\000f\000e\000r\000e\000n\000c\000e}{chapter.12}% 135
\BOOKMARK [2][-]{subsection.12.28.1}{\376\377\0001\0002\000.\0002\0008\000.\0001\000\040\000D\000e\000t\000a\000i\000l\000e\000d\000\040\000D\000e\000s\000c\000r\000i\000p\000t\000i\000o\000n}{section.12.28}% 136
\BOOKMARK [1][-]{section.12.29}{\376\377\0001\0002\000.\0002\0009\000\040\000Q\000u\000e\000u\000e\000<\000\040\000T\000S\000e\000q\000\040\000>\000\040\000C\000l\000a\000s\000s\000\040\000T\000e\000m\000p\000l\000a\000t\000e\000\040\000R\000e\000f\000e\000r\000e\000n\000c\000e}{chapter.12}% 137
\BOOKMARK [2][-]{subsection.12.29.1}{\376\377\0001\0002\000.\0002\0009\000.\0001\000\040\000D\000e\000t\000a\000i\000l\000e\000d\000\040\000D\000e\000s\000c\000r\000i\000p\000t\000i\000o\000n}{section.12.29}% 138
\BOOKMARK [1][-]{section.12.30}{\376\377\0001\0002\000.\0003\0000\000\040\000R\000a\000n\000d\000G\000r\000a\000p\000h\000\040\000C\000l\000a\000s\000s\000\040\000R\000e\000f\000e\000r\000e\000n\000c\000e}{chapter.12}% 139
\BOOKMARK [1][-]{section.12.31}{\376\377\0001\0002\000.\0003\0001\000\040\000e\000p\000i\000w\000o\000r\000l\000d\000:\000:\000T\000o\000o\000l\000<\000\040\000T\000S\000e\000q\000\040\000>\000\040\000C\000l\000a\000s\000s\000\040\000T\000e\000m\000p\000l\000a\000t\000e\000\040\000R\000e\000f\000e\000r\000e\000n\000c\000e}{chapter.12}% 140
\BOOKMARK [2][-]{subsection.12.31.1}{\376\377\0001\0002\000.\0003\0001\000.\0001\000\040\000D\000e\000t\000a\000i\000l\000e\000d\000\040\000D\000e\000s\000c\000r\000i\000p\000t\000i\000o\000n}{section.12.31}% 141
\BOOKMARK [2][-]{subsection.12.31.2}{\376\377\0001\0002\000.\0003\0001\000.\0002\000\040\000M\000e\000m\000b\000e\000r\000\040\000F\000u\000n\000c\000t\000i\000o\000n\000\040\000D\000o\000c\000u\000m\000e\000n\000t\000a\000t\000i\000o\000n}{section.12.31}% 142
\BOOKMARK [3][-]{subsubsection.12.31.2.1}{\376\377\0001\0002\000.\0003\0001\000.\0002\000.\0001\000\040\000g\000e\000t\000\137\000s\000u\000s\000c\000e\000p\000t\000i\000b\000i\000l\000i\000t\000y\000\137\000r\000e\000d\000u\000c\000t\000i\000o\000n\000\050\000\051}{subsection.12.31.2}% 143
\BOOKMARK [1][-]{section.12.32}{\376\377\0001\0002\000.\0003\0002\000\040\000T\000o\000o\000l\000<\000\040\000T\000S\000e\000q\000\040\000>\000\040\000C\000l\000a\000s\000s\000\040\000T\000e\000m\000p\000l\000a\000t\000e\000\040\000R\000e\000f\000e\000r\000e\000n\000c\000e}{chapter.12}% 144
\BOOKMARK [2][-]{subsection.12.32.1}{\376\377\0001\0002\000.\0003\0002\000.\0001\000\040\000D\000e\000t\000a\000i\000l\000e\000d\000\040\000D\000e\000s\000c\000r\000i\000p\000t\000i\000o\000n}{section.12.32}% 145
\BOOKMARK [1][-]{section.12.33}{\376\377\0001\0002\000.\0003\0003\000\040\000e\000p\000i\000w\000o\000r\000l\000d\000:\000:\000T\000o\000o\000l\000s\000<\000\040\000T\000S\000e\000q\000\040\000>\000\040\000C\000l\000a\000s\000s\000\040\000T\000e\000m\000p\000l\000a\000t\000e\000\040\000R\000e\000f\000e\000r\000e\000n\000c\000e}{chapter.12}% 146
\BOOKMARK [2][-]{subsection.12.33.1}{\376\377\0001\0002\000.\0003\0003\000.\0001\000\040\000D\000e\000t\000a\000i\000l\000e\000d\000\040\000D\000e\000s\000c\000r\000i\000p\000t\000i\000o\000n}{section.12.33}% 147
\BOOKMARK [1][-]{section.12.34}{\376\377\0001\0002\000.\0003\0004\000\040\000T\000o\000o\000l\000s\000<\000\040\000T\000S\000e\000q\000\040\000>\000\040\000C\000l\000a\000s\000s\000\040\000T\000e\000m\000p\000l\000a\000t\000e\000\040\000R\000e\000f\000e\000r\000e\000n\000c\000e}{chapter.12}% 148
\BOOKMARK [2][-]{subsection.12.34.1}{\376\377\0001\0002\000.\0003\0004\000.\0001\000\040\000D\000e\000t\000a\000i\000l\000e\000d\000\040\000D\000e\000s\000c\000r\000i\000p\000t\000i\000o\000n}{section.12.34}% 149
\BOOKMARK [1][-]{section.12.35}{\376\377\0001\0002\000.\0003\0005\000\040\000e\000p\000i\000w\000o\000r\000l\000d\000:\000:\000T\000o\000o\000l\000s\000\137\000c\000o\000n\000s\000t\000<\000\040\000T\000S\000e\000q\000\040\000>\000\040\000C\000l\000a\000s\000s\000\040\000T\000e\000m\000p\000l\000a\000t\000e\000\040\000R\000e\000f\000e\000r\000e\000n\000c\000e}{chapter.12}% 150
\BOOKMARK [2][-]{subsection.12.35.1}{\376\377\0001\0002\000.\0003\0005\000.\0001\000\040\000D\000e\000t\000a\000i\000l\000e\000d\000\040\000D\000e\000s\000c\000r\000i\000p\000t\000i\000o\000n}{section.12.35}% 151
\BOOKMARK [1][-]{section.12.36}{\376\377\0001\0002\000.\0003\0006\000\040\000T\000o\000o\000l\000s\000\137\000c\000o\000n\000s\000t\000<\000\040\000T\000S\000e\000q\000\040\000>\000\040\000C\000l\000a\000s\000s\000\040\000T\000e\000m\000p\000l\000a\000t\000e\000\040\000R\000e\000f\000e\000r\000e\000n\000c\000e}{chapter.12}% 152
\BOOKMARK [2][-]{subsection.12.36.1}{\376\377\0001\0002\000.\0003\0006\000.\0001\000\040\000D\000e\000t\000a\000i\000l\000e\000d\000\040\000D\000e\000s\000c\000r\000i\000p\000t\000i\000o\000n}{section.12.36}% 153
\BOOKMARK [1][-]{section.12.37}{\376\377\0001\0002\000.\0003\0007\000\040\000e\000p\000i\000w\000o\000r\000l\000d\000:\000:\000U\000s\000e\000r\000D\000a\000t\000a\000<\000\040\000T\000S\000e\000q\000\040\000>\000\040\000C\000l\000a\000s\000s\000\040\000T\000e\000m\000p\000l\000a\000t\000e\000\040\000R\000e\000f\000e\000r\000e\000n\000c\000e}{chapter.12}% 154
\BOOKMARK [2][-]{subsection.12.37.1}{\376\377\0001\0002\000.\0003\0007\000.\0001\000\040\000D\000e\000t\000a\000i\000l\000e\000d\000\040\000D\000e\000s\000c\000r\000i\000p\000t\000i\000o\000n}{section.12.37}% 155
\BOOKMARK [2][-]{subsection.12.37.2}{\376\377\0001\0002\000.\0003\0007\000.\0002\000\040\000C\000o\000n\000s\000t\000r\000u\000c\000t\000o\000r\000\040\000\046\000\040\000D\000e\000s\000t\000r\000u\000c\000t\000o\000r\000\040\000D\000o\000c\000u\000m\000e\000n\000t\000a\000t\000i\000o\000n}{section.12.37}% 156
\BOOKMARK [3][-]{subsubsection.12.37.2.1}{\376\377\0001\0002\000.\0003\0007\000.\0002\000.\0001\000\040\000U\000s\000e\000r\000D\000a\000t\000a\000\050\000\051}{subsection.12.37.2}% 157
\BOOKMARK [1][-]{section.12.38}{\376\377\0001\0002\000.\0003\0008\000\040\000U\000s\000e\000r\000D\000a\000t\000a\000<\000\040\000T\000S\000e\000q\000\040\000>\000\040\000C\000l\000a\000s\000s\000\040\000T\000e\000m\000p\000l\000a\000t\000e\000\040\000R\000e\000f\000e\000r\000e\000n\000c\000e}{chapter.12}% 158
\BOOKMARK [2][-]{subsection.12.38.1}{\376\377\0001\0002\000.\0003\0008\000.\0001\000\040\000D\000e\000t\000a\000i\000l\000e\000d\000\040\000D\000e\000s\000c\000r\000i\000p\000t\000i\000o\000n}{section.12.38}% 159
\BOOKMARK [2][-]{subsection.12.38.2}{\376\377\0001\0002\000.\0003\0008\000.\0002\000\040\000C\000o\000n\000s\000t\000r\000u\000c\000t\000o\000r\000\040\000\046\000\040\000D\000e\000s\000t\000r\000u\000c\000t\000o\000r\000\040\000D\000o\000c\000u\000m\000e\000n\000t\000a\000t\000i\000o\000n}{section.12.38}% 160
\BOOKMARK [3][-]{subsubsection.12.38.2.1}{\376\377\0001\0002\000.\0003\0008\000.\0002\000.\0001\000\040\000U\000s\000e\000r\000D\000a\000t\000a\000\050\000\051}{subsection.12.38.2}% 161
\BOOKMARK [1][-]{section.12.39}{\376\377\0001\0002\000.\0003\0009\000\040\000e\000p\000i\000w\000o\000r\000l\000d\000:\000:\000v\000e\000c\000H\000a\000s\000h\000e\000r\000<\000\040\000T\000\040\000>\000\040\000S\000t\000r\000u\000c\000t\000\040\000T\000e\000m\000p\000l\000a\000t\000e\000\040\000R\000e\000f\000e\000r\000e\000n\000c\000e}{chapter.12}% 162
\BOOKMARK [2][-]{subsection.12.39.1}{\376\377\0001\0002\000.\0003\0009\000.\0001\000\040\000D\000e\000t\000a\000i\000l\000e\000d\000\040\000D\000e\000s\000c\000r\000i\000p\000t\000i\000o\000n}{section.12.39}% 163
\BOOKMARK [1][-]{section.12.40}{\376\377\0001\0002\000.\0004\0000\000\040\000v\000e\000c\000H\000a\000s\000h\000e\000r\000<\000\040\000T\000\040\000>\000\040\000S\000t\000r\000u\000c\000t\000\040\000T\000e\000m\000p\000l\000a\000t\000e\000\040\000R\000e\000f\000e\000r\000e\000n\000c\000e}{chapter.12}% 164
\BOOKMARK [2][-]{subsection.12.40.1}{\376\377\0001\0002\000.\0004\0000\000.\0001\000\040\000D\000e\000t\000a\000i\000l\000e\000d\000\040\000D\000e\000s\000c\000r\000i\000p\000t\000i\000o\000n}{section.12.40}% 165
\BOOKMARK [1][-]{section.12.41}{\376\377\0001\0002\000.\0004\0001\000\040\000e\000p\000i\000w\000o\000r\000l\000d\000:\000:\000V\000i\000r\000u\000s\000<\000\040\000T\000S\000e\000q\000\040\000>\000\040\000C\000l\000a\000s\000s\000\040\000T\000e\000m\000p\000l\000a\000t\000e\000\040\000R\000e\000f\000e\000r\000e\000n\000c\000e}{chapter.12}% 166
\BOOKMARK [2][-]{subsection.12.41.1}{\376\377\0001\0002\000.\0004\0001\000.\0001\000\040\000D\000e\000t\000a\000i\000l\000e\000d\000\040\000D\000e\000s\000c\000r\000i\000p\000t\000i\000o\000n}{section.12.41}% 167
\BOOKMARK [2][-]{subsection.12.41.2}{\376\377\0001\0002\000.\0004\0001\000.\0002\000\040\000M\000e\000m\000b\000e\000r\000\040\000F\000u\000n\000c\000t\000i\000o\000n\000\040\000D\000o\000c\000u\000m\000e\000n\000t\000a\000t\000i\000o\000n}{section.12.41}% 168
\BOOKMARK [3][-]{subsubsection.12.41.2.1}{\376\377\0001\0002\000.\0004\0001\000.\0002\000.\0001\000\040\000g\000e\000t\000\137\000p\000r\000o\000b\000\137\000i\000n\000f\000e\000c\000t\000i\000n\000g\000\050\000\051}{subsection.12.41.2}% 169
\BOOKMARK [1][-]{section.12.42}{\376\377\0001\0002\000.\0004\0002\000\040\000V\000i\000r\000u\000s\000<\000\040\000T\000S\000e\000q\000\040\000>\000\040\000C\000l\000a\000s\000s\000\040\000T\000e\000m\000p\000l\000a\000t\000e\000\040\000R\000e\000f\000e\000r\000e\000n\000c\000e}{chapter.12}% 170
\BOOKMARK [2][-]{subsection.12.42.1}{\376\377\0001\0002\000.\0004\0002\000.\0001\000\040\000D\000e\000t\000a\000i\000l\000e\000d\000\040\000D\000e\000s\000c\000r\000i\000p\000t\000i\000o\000n}{section.12.42}% 171
\BOOKMARK [1][-]{section.12.43}{\376\377\0001\0002\000.\0004\0003\000\040\000e\000p\000i\000w\000o\000r\000l\000d\000:\000:\000V\000i\000r\000u\000s\000e\000s\000<\000\040\000T\000S\000e\000q\000\040\000>\000\040\000C\000l\000a\000s\000s\000\040\000T\000e\000m\000p\000l\000a\000t\000e\000\040\000R\000e\000f\000e\000r\000e\000n\000c\000e}{chapter.12}% 172
\BOOKMARK [2][-]{subsection.12.43.1}{\376\377\0001\0002\000.\0004\0003\000.\0001\000\040\000D\000e\000t\000a\000i\000l\000e\000d\000\040\000D\000e\000s\000c\000r\000i\000p\000t\000i\000o\000n}{section.12.43}% 173
\BOOKMARK [1][-]{section.12.44}{\376\377\0001\0002\000.\0004\0004\000\040\000V\000i\000r\000u\000s\000e\000s\000<\000\040\000T\000S\000e\000q\000\040\000>\000\040\000C\000l\000a\000s\000s\000\040\000T\000e\000m\000p\000l\000a\000t\000e\000\040\000R\000e\000f\000e\000r\000e\000n\000c\000e}{chapter.12}% 174
\BOOKMARK [2][-]{subsection.12.44.1}{\376\377\0001\0002\000.\0004\0004\000.\0001\000\040\000D\000e\000t\000a\000i\000l\000e\000d\000\040\000D\000e\000s\000c\000r\000i\000p\000t\000i\000o\000n}{section.12.44}% 175
\BOOKMARK [1][-]{section.12.45}{\376\377\0001\0002\000.\0004\0005\000\040\000e\000p\000i\000w\000o\000r\000l\000d\000:\000:\000V\000i\000r\000u\000s\000e\000s\000\137\000c\000o\000n\000s\000t\000<\000\040\000T\000S\000e\000q\000\040\000>\000\040\000C\000l\000a\000s\000s\000\040\000T\000e\000m\000p\000l\000a\000t\000e\000\040\000R\000e\000f\000e\000r\000e\000n\000c\000e}{chapter.12}% 176
\BOOKMARK [2][-]{subsection.12.45.1}{\376\377\0001\0002\000.\0004\0005\000.\0001\000\040\000D\000e\000t\000a\000i\000l\000e\000d\000\040\000D\000e\000s\000c\000r\000i\000p\000t\000i\000o\000n}{section.12.45}% 177
\BOOKMARK [1][-]{section.12.46}{\376\377\0001\0002\000.\0004\0006\000\040\000V\000i\000r\000u\000s\000e\000s\000\137\000c\000o\000n\000s\000t\000<\000\040\000T\000S\000e\000q\000\040\000>\000\040\000C\000l\000a\000s\000s\000\040\000T\000e\000m\000p\000l\000a\000t\000e\000\040\000R\000e\000f\000e\000r\000e\000n\000c\000e}{chapter.12}% 178
\BOOKMARK [2][-]{subsection.12.46.1}{\376\377\0001\0002\000.\0004\0006\000.\0001\000\040\000D\000e\000t\000a\000i\000l\000e\000d\000\040\000D\000e\000s\000c\000r\000i\000p\000t\000i\000o\000n}{section.12.46}% 179
\BOOKMARK [0][-]{section*.118}{\376\377\000I\000n\000d\000e\000x}{}% 180
